Line 2926: Class MSComctlLib.ListView of control lvMonsterDetail was not a loaded control class.
Line 2947: Class MSComctlLib.ListView of control lvMonsters was not a loaded control class.
Line 3283: Class MSComctlLib.ListView of control lvWeaponLoc was not a loaded control class.
Line 3304: Class MSComctlLib.ListView of control lvWeapons was not a loaded control class.
Line 12417: Class MSComctlLib.ListView of control lvMapLoc was not a loaded control class.
Line 13174: Class MSComctlLib.ListView of control lvShops was not a loaded control class.
Line 13197: Class MSComctlLib.ListView of control lvShopDetail was not a loaded control class.
Line 13220: Class MSComctlLib.ListView of control lvShopLoc was not a loaded control class.
Line 13312: Class MSComctlLib.ListView of control lvOtherItems was not a loaded control class.
Line 13354: Class MSComctlLib.ListView of control lvOtherItemLoc was not a loaded control class.
Line 13451: Class MSComctlLib.ListView of control lvClasses was not a loaded control class.
Line 13483: Class MSComctlLib.ListView of control lvRaces was not a loaded control class.
Line 15226: Class MSComctlLib.ListView of control lvWeaponCompare was not a loaded control class.
Line 15269: Class MSComctlLib.ListView of control lvWeaponCompareLoc was not a loaded control class.
Line 15309: Class MSComctlLib.ListView of control lvSpellCompare was not a loaded control class.
Line 15352: Class MSComctlLib.ListView of control lvSpellCompareLoc was not a loaded control class.
Line 15392: Class MSComctlLib.ListView of control lvArmourCompare was not a loaded control class.
Line 15435: Class MSComctlLib.ListView of control lvArmourCompareLoc was not a loaded control class.
Line 15475: Class MSComctlLib.ListView of control lvMonsterCompare was not a loaded control class.
Line 15499: Class MSComctlLib.ListView of control lvMonsterCompareLoc was not a loaded control class.
Line 15566: Class MSComctlLib.ListView of control lvSpells was not a loaded control class.
Line 15609: Class MSComctlLib.ListView of control lvSpellLoc was not a loaded control class.
Line 16010: Class MSComctlLib.ListView of control lvArmourLoc was not a loaded control class.
Line 16032: Class MSComctlLib.ListView of control lvArmour was not a loaded control class.
